<?xml version="1.0" encoding="UTF-8"?>
<testsuites>
  <testsuite name="ThingTest" filepath="test/thing_test.rb" skipped="0" failures="1" errors="3" tests="4" assertions="1" time="0.00010899920016527176">
    <testcase name="test_boom_second_case" lineno="9" classname="ThingTest" assertions="0" time="4.899967461824417e-05" file="test/thing_test.rb">
    <error type="RuntimeError" message="RuntimeError: boom...">
Failure:
test_boom_second_case(Minitest::Result) [/Users/adamakhtar/Projects/active/wing_commander/dummy/minitest/lib/thing.rb:3]:
RuntimeError: boom
    lib/thing.rb:3:in `boom'
    test/thing_test.rb:10:in `test_boom_second_case'
    </error>
    </testcase>
    <testcase name="test_expectation_not_met" lineno="17" classname="ThingTest" assertions="1" time="2.5999732315540314e-05" file="test/thing_test.rb">
    <failure type="Minitest::Assertion" message="Expected: &quot;foo&quot;...">
Failure:
test_expectation_not_met(Minitest::Result) [test/thing_test.rb:18]:
Expected: "foo"
  Actual: "bar"
    </failure>
    </testcase>
    <testcase name="test_boom_first_case" lineno="5" classname="ThingTest" assertions="0" time="1.800013706088066e-05" file="test/thing_test.rb">
    <error type="RuntimeError" message="RuntimeError: boom...">
Failure:
test_boom_first_case(Minitest::Result) [/Users/adamakhtar/Projects/active/wing_commander/dummy/minitest/lib/thing.rb:3]:
RuntimeError: boom
    lib/thing.rb:3:in `boom'
    test/thing_test.rb:6:in `test_boom_first_case'
    </error>
    </testcase>
    <testcase name="test_error_in_test" lineno="13" classname="ThingTest" assertions="0" time="1.5999656170606613e-05" file="test/thing_test.rb">
    <error type="RuntimeError" message="RuntimeError: error in test...">
Failure:
test_error_in_test(Minitest::Result) [test/thing_test.rb:14]:
RuntimeError: error in test
    test/thing_test.rb:14:in `test_error_in_test'
    </error>
    </testcase>
  </testsuite>
</testsuites>
